\BOOKMARK [0][-]{section*.3}{\376\377\000P\000o\000v\000z\000e\000t\000e\000k}{}% 1
\BOOKMARK [0][-]{section*.5}{\376\377\000A\000b\000s\000t\000r\000a\000c\000t}{}% 2
\BOOKMARK [0][-]{chapter.1}{\376\377\000U\000v\000o\000d}{}% 3
\BOOKMARK [1][-]{section.1.1}{\376\377\000M\000o\000t\000i\000v\000a\000c\000i\000j\000a}{chapter.1}% 4
\BOOKMARK [1][-]{section.1.2}{\376\377\000S\000t\000r\000u\000k\000t\000u\000r\000a}{chapter.1}% 5
\BOOKMARK [0][-]{chapter.2}{\376\377\000M\000e\000t\000o\000d\000e\000\040\000i\000n\000\040\000p\000a\000r\000a\000d\000i\000g\000m\000e}{}% 6
\BOOKMARK [1][-]{section.2.1}{\376\377\000D\000i\000n\000a\000m\000i\001\015\000n\000o\000\040\000p\000r\000o\000g\000r\000a\000m\000i\000r\000a\000n\000j\000e}{chapter.2}% 7
\BOOKMARK [1][-]{section.2.2}{\376\377\000L\000e\000v\000e\000n\000s\000h\000t\000e\000i\000n\000o\000v\000a\000\040\000r\000a\000z\000d\000a\000l\000j\000a}{chapter.2}% 8
\BOOKMARK [1][-]{section.2.3}{\376\377\000L\000C\000S}{chapter.2}% 9
\BOOKMARK [0][-]{chapter.3}{\376\377\000V\000z\000p\000o\000r\000e\000d\000n\000i\000\040\000a\000l\000g\000o\000r\000i\000t\000m\000i}{}% 10
\BOOKMARK [1][-]{section.3.1}{\376\377\000P\000r\000i\000s\000t\000o\000p\000\040\000n\000a\000p\000r\000e\000j\000-\000n\000a\000z\000a\000j}{chapter.3}% 11
\BOOKMARK [1][-]{section.3.2}{\376\377\000P\000r\000o\000s\000t\000o\000r\000s\000k\000a\000\040\000o\000p\000t\000i\000m\000i\000z\000a\000c\000i\000j\000a}{chapter.3}% 12
\BOOKMARK [1][-]{section.3.3}{\376\377\000D\000i\000a\000g\000o\000n\000a\000l\000n\000i\000\040\000p\000r\000i\000s\000t\000o\000p}{chapter.3}% 13
\BOOKMARK [0][-]{chapter.4}{\376\377\000R\000e\000z\000u\000l\000t\000a\000t\000i}{}% 14
\BOOKMARK [1][-]{section.4.1}{\376\377\000G\000e\000n\000e\000r\000i\000r\000a\000n\000j\000e\000\040\000p\000o\000d\000a\000t\000k\000o\000v}{chapter.4}% 15
\BOOKMARK [1][-]{section.4.2}{\376\377\000D\000e\000l\000o\000v\000n\000o\000\040\000o\000k\000o\000l\000j\000e}{chapter.4}% 16
\BOOKMARK [1][-]{section.4.3}{\376\377\000P\000r\000i\000m\000e\000r\000j\000a\000v\000a\000\040\000a\000l\000g\000o\000r\000i\000t\000m\000o\000v\000\040\000z\000a\000\040\000L\000C\000S}{chapter.4}% 17
\BOOKMARK [1][-]{section.4.4}{\376\377\000P\000r\000i\000m\000e\000r\000j\000a\000v\000a\000\040\000a\000l\000g\000o\000r\000i\000t\000m\000o\000v\000\040\000z\000a\000\040\000L\000e\000v\000e\000n\000s\000h\000t\000e\000i\000n\000o\000v\000o\000\040\000r\000a\000z\000d\000a\000l\000j\000o}{chapter.4}% 18
\BOOKMARK [0][-]{chapter.5}{\376\377\000Z\000a\000k\000l\000j\000u\001\015\000k\000i}{}% 19
\BOOKMARK [1][-]{section.5.1}{\376\377\000S\000k\000l\000e\000p\000i}{chapter.5}% 20
\BOOKMARK [1][-]{section.5.2}{\376\377\000N\000a\000d\000a\000l\000j\000n\000j\000i\000\040\000r\000a\000z\000v\000o\000j}{chapter.5}% 21
\BOOKMARK [0][-]{chapter*.18}{\376\377\000L\000i\000t\000e\000r\000a\000t\000u\000r\000a}{}% 22
